{"/Users/jackzhu/Desktop/codetest-sapia-be/src/controllers/userLogin.ts": {"path":"/Users/jackzhu/Desktop/codetest-sapia-be/src/controllers/userLogin.ts","statementMap":{"0":{"start":{"line":8,"column":0},"end":{"line":8,"column":33}},"1":{"start":{"line":10,"column":0},"end":{"line":10,"column":59}},"2":{"start":{"line":11,"column":0},"end":{"line":11,"column":45}},"3":{"start":{"line":12,"column":0},"end":{"line":12,"column":56}},"4":{"start":{"line":13,"column":0},"end":{"line":13,"column":53}},"5":{"start":{"line":17,"column":21},"end":{"line":73,"column":2}},"6":{"start":{"line":17,"column":71},"end":{"line":73,"column":2}},"7":{"start":{"line":18,"column":33},"end":{"line":18,"column":41}},"8":{"start":{"line":20,"column":23},"end":{"line":20,"column":75}},"9":{"start":{"line":23,"column":2},"end":{"line":25,"column":null}},"10":{"start":{"line":24,"column":4},"end":{"line":24,"column":87}},"11":{"start":{"line":29,"column":2},"end":{"line":40,"column":null}},"12":{"start":{"line":30,"column":4},"end":{"line":39,"column":8}},"13":{"start":{"line":43,"column":28},"end":{"line":43,"column":74}},"14":{"start":{"line":46,"column":2},"end":{"line":46,"column":38}},"15":{"start":{"line":49,"column":2},"end":{"line":65,"column":null}},"16":{"start":{"line":51,"column":4},"end":{"line":51,"column":37}},"17":{"start":{"line":55,"column":4},"end":{"line":62,"column":null}},"18":{"start":{"line":56,"column":6},"end":{"line":56,"column":43}},"19":{"start":{"line":57,"column":6},"end":{"line":57,"column":38}},"20":{"start":{"line":58,"column":6},"end":{"line":58,"column":32}},"21":{"start":{"line":59,"column":6},"end":{"line":61,"column":95}},"22":{"start":{"line":63,"column":4},"end":{"line":63,"column":30}},"23":{"start":{"line":64,"column":4},"end":{"line":64,"column":99}},"24":{"start":{"line":68,"column":2},"end":{"line":68,"column":34}},"25":{"start":{"line":69,"column":2},"end":{"line":69,"column":28}},"26":{"start":{"line":71,"column":16},"end":{"line":71,"column":43}},"27":{"start":{"line":72,"column":2},"end":{"line":72,"column":68}},"28":{"start":{"line":17,"column":13},"end":{"line":17,"column":21}}},"fnMap":{"0":{"name":"(anonymous_7)","decl":{"start":{"line":17,"column":21},"end":{"line":17,"column":28}},"loc":{"start":{"line":17,"column":71},"end":{"line":73,"column":2}}},"1":{"name":"(anonymous_8)","decl":{"start":{"line":17,"column":71},"end":{"line":17,"column":null}},"loc":{"start":{"line":17,"column":71},"end":{"line":73,"column":1}}}},"branchMap":{"0":{"loc":{"start":{"line":23,"column":2},"end":{"line":25,"column":null}},"type":"if","locations":[{"start":{"line":23,"column":2},"end":{"line":25,"column":null}}]},"1":{"loc":{"start":{"line":29,"column":2},"end":{"line":40,"column":null}},"type":"if","locations":[{"start":{"line":29,"column":2},"end":{"line":40,"column":null}}]},"2":{"loc":{"start":{"line":29,"column":6},"end":{"line":29,"column":87}},"type":"binary-expr","locations":[{"start":{"line":29,"column":6},"end":{"line":29,"column":29}},{"start":{"line":29,"column":33},"end":{"line":29,"column":87}}]},"3":{"loc":{"start":{"line":49,"column":2},"end":{"line":65,"column":null}},"type":"if","locations":[{"start":{"line":49,"column":2},"end":{"line":65,"column":null}}]},"4":{"loc":{"start":{"line":55,"column":4},"end":{"line":62,"column":null}},"type":"if","locations":[{"start":{"line":55,"column":4},"end":{"line":62,"column":null}}]}},"s":{"0":1,"1":1,"2":1,"3":1,"4":1,"5":1,"6":5,"7":5,"8":5,"9":5,"10":1,"11":4,"12":1,"13":3,"14":3,"15":3,"16":2,"17":2,"18":1,"19":1,"20":1,"21":1,"22":1,"23":1,"24":1,"25":1,"26":1,"27":1,"28":1},"f":{"0":5,"1":5},"b":{"0":[1],"1":[1],"2":[4,1],"3":[2],"4":[1]}}
,"/Users/jackzhu/Desktop/codetest-sapia-be/src/models/userAccounts.ts": {"path":"/Users/jackzhu/Desktop/codetest-sapia-be/src/models/userAccounts.ts","statementMap":{"0":{"start":{"line":6,"column":0},"end":{"line":6,"column":41}},"1":{"start":{"line":9,"column":27},"end":{"line":25,"column":2}},"2":{"start":{"line":28,"column":13},"end":{"line":28,"column":75}}},"fnMap":{},"branchMap":{},"s":{"0":1,"1":1,"2":1},"f":{},"b":{}}
,"/Users/jackzhu/Desktop/codetest-sapia-be/src/utils/getTimeLapse.ts": {"path":"/Users/jackzhu/Desktop/codetest-sapia-be/src/utils/getTimeLapse.ts","statementMap":{"0":{"start":{"line":7,"column":28},"end":{"line":12,"column":1}},"1":{"start":{"line":11,"column":2},"end":{"line":11,"column":37}},"2":{"start":{"line":7,"column":13},"end":{"line":7,"column":28}}},"fnMap":{"0":{"name":"(anonymous_0)","decl":{"start":{"line":7,"column":28},"end":{"line":7,"column":29}},"loc":{"start":{"line":7,"column":51},"end":{"line":12,"column":1}}}},"branchMap":{},"s":{"0":1,"1":2,"2":1},"f":{"0":2},"b":{}}
,"/Users/jackzhu/Desktop/codetest-sapia-be/src/utils/responseData.ts": {"path":"/Users/jackzhu/Desktop/codetest-sapia-be/src/utils/responseData.ts","statementMap":{"0":{"start":{"line":8,"column":31},"end":{"line":22,"column":1}},"1":{"start":{"line":10,"column":2},"end":{"line":16,"column":null}},"2":{"start":{"line":11,"column":4},"end":{"line":15,"column":6}},"3":{"start":{"line":17,"column":2},"end":{"line":21,"column":4}},"4":{"start":{"line":8,"column":13},"end":{"line":8,"column":31}}},"fnMap":{"0":{"name":"(anonymous_0)","decl":{"start":{"line":8,"column":31},"end":{"line":8,"column":32}},"loc":{"start":{"line":8,"column":76},"end":{"line":22,"column":1}}}},"branchMap":{"0":{"loc":{"start":{"line":10,"column":2},"end":{"line":16,"column":null}},"type":"if","locations":[{"start":{"line":10,"column":2},"end":{"line":16,"column":null}}]}},"s":{"0":1,"1":5,"2":4,"3":1,"4":1},"f":{"0":5},"b":{"0":[4]}}
}
