{"/Users/jackzhu/Desktop/codetest-sapia-be/src/controllers/userLogin.ts": {"path":"/Users/jackzhu/Desktop/codetest-sapia-be/src/controllers/userLogin.ts","statementMap":{"0":{"start":{"line":8,"column":0},"end":{"line":8,"column":33}},"1":{"start":{"line":10,"column":0},"end":{"line":10,"column":59}},"2":{"start":{"line":11,"column":0},"end":{"line":11,"column":45}},"3":{"start":{"line":12,"column":0},"end":{"line":12,"column":56}},"4":{"start":{"line":13,"column":0},"end":{"line":13,"column":53}},"5":{"start":{"line":17,"column":21},"end":{"line":75,"column":2}},"6":{"start":{"line":17,"column":71},"end":{"line":75,"column":2}},"7":{"start":{"line":18,"column":33},"end":{"line":18,"column":41}},"8":{"start":{"line":20,"column":23},"end":{"line":20,"column":75}},"9":{"start":{"line":23,"column":2},"end":{"line":25,"column":null}},"10":{"start":{"line":24,"column":4},"end":{"line":24,"column":87}},"11":{"start":{"line":30,"column":2},"end":{"line":41,"column":null}},"12":{"start":{"line":31,"column":4},"end":{"line":40,"column":8}},"13":{"start":{"line":44,"column":28},"end":{"line":44,"column":74}},"14":{"start":{"line":47,"column":2},"end":{"line":53,"column":null}},"15":{"start":{"line":51,"column":4},"end":{"line":51,"column":40}},"16":{"start":{"line":52,"column":4},"end":{"line":52,"column":36}},"17":{"start":{"line":56,"column":2},"end":{"line":69,"column":null}},"18":{"start":{"line":57,"column":4},"end":{"line":57,"column":37}},"19":{"start":{"line":61,"column":4},"end":{"line":63,"column":null}},"20":{"start":{"line":62,"column":6},"end":{"line":62,"column":43}},"21":{"start":{"line":65,"column":4},"end":{"line":65,"column":80}},"22":{"start":{"line":66,"column":4},"end":{"line":66,"column":30}},"23":{"start":{"line":68,"column":4},"end":{"line":68,"column":81}},"24":{"start":{"line":71,"column":2},"end":{"line":71,"column":28}},"25":{"start":{"line":73,"column":16},"end":{"line":73,"column":43}},"26":{"start":{"line":74,"column":2},"end":{"line":74,"column":68}},"27":{"start":{"line":17,"column":13},"end":{"line":17,"column":21}}},"fnMap":{"0":{"name":"(anonymous_7)","decl":{"start":{"line":17,"column":21},"end":{"line":17,"column":28}},"loc":{"start":{"line":17,"column":71},"end":{"line":75,"column":2}}},"1":{"name":"(anonymous_8)","decl":{"start":{"line":17,"column":71},"end":{"line":17,"column":null}},"loc":{"start":{"line":17,"column":71},"end":{"line":75,"column":1}}}},"branchMap":{"0":{"loc":{"start":{"line":23,"column":2},"end":{"line":25,"column":null}},"type":"if","locations":[{"start":{"line":23,"column":2},"end":{"line":25,"column":null}}]},"1":{"loc":{"start":{"line":30,"column":2},"end":{"line":41,"column":null}},"type":"if","locations":[{"start":{"line":30,"column":2},"end":{"line":41,"column":null}}]},"2":{"loc":{"start":{"line":30,"column":6},"end":{"line":30,"column":87}},"type":"binary-expr","locations":[{"start":{"line":30,"column":6},"end":{"line":30,"column":29}},{"start":{"line":30,"column":33},"end":{"line":30,"column":87}}]},"3":{"loc":{"start":{"line":47,"column":2},"end":{"line":53,"column":null}},"type":"if","locations":[{"start":{"line":47,"column":2},"end":{"line":53,"column":null}}]},"4":{"loc":{"start":{"line":48,"column":4},"end":{"line":49,"column":21}},"type":"binary-expr","locations":[{"start":{"line":48,"column":5},"end":{"line":48,"column":28}},{"start":{"line":48,"column":32},"end":{"line":48,"column":85}},{"start":{"line":49,"column":4},"end":{"line":49,"column":21}}]},"5":{"loc":{"start":{"line":56,"column":2},"end":{"line":69,"column":null}},"type":"if","locations":[{"start":{"line":56,"column":2},"end":{"line":69,"column":null}}]},"6":{"loc":{"start":{"line":61,"column":4},"end":{"line":63,"column":null}},"type":"if","locations":[{"start":{"line":61,"column":4},"end":{"line":63,"column":null}}]}},"s":{"0":1,"1":1,"2":1,"3":1,"4":1,"5":1,"6":3,"7":3,"8":3,"9":3,"10":1,"11":2,"12":1,"13":1,"14":1,"15":1,"16":1,"17":1,"18":0,"19":0,"20":0,"21":0,"22":0,"23":0,"24":1,"25":1,"26":1,"27":1},"f":{"0":3,"1":3},"b":{"0":[1],"1":[1],"2":[2,2],"3":[1],"4":[1,1,0],"5":[0],"6":[0]}}
,"/Users/jackzhu/Desktop/codetest-sapia-be/src/models/userAccounts.ts": {"path":"/Users/jackzhu/Desktop/codetest-sapia-be/src/models/userAccounts.ts","statementMap":{"0":{"start":{"line":6,"column":0},"end":{"line":6,"column":41}},"1":{"start":{"line":9,"column":27},"end":{"line":25,"column":2}},"2":{"start":{"line":28,"column":13},"end":{"line":28,"column":75}}},"fnMap":{},"branchMap":{},"s":{"0":1,"1":1,"2":1},"f":{},"b":{}}
,"/Users/jackzhu/Desktop/codetest-sapia-be/src/utils/getTimeLapse.ts": {"path":"/Users/jackzhu/Desktop/codetest-sapia-be/src/utils/getTimeLapse.ts","statementMap":{"0":{"start":{"line":7,"column":28},"end":{"line":12,"column":1}},"1":{"start":{"line":11,"column":2},"end":{"line":11,"column":37}},"2":{"start":{"line":7,"column":13},"end":{"line":7,"column":28}}},"fnMap":{"0":{"name":"(anonymous_0)","decl":{"start":{"line":7,"column":28},"end":{"line":7,"column":29}},"loc":{"start":{"line":7,"column":51},"end":{"line":12,"column":1}}}},"branchMap":{},"s":{"0":1,"1":4,"2":1},"f":{"0":4},"b":{}}
,"/Users/jackzhu/Desktop/codetest-sapia-be/src/utils/jwt.ts": {"path":"/Users/jackzhu/Desktop/codetest-sapia-be/src/utils/jwt.ts","statementMap":{"0":{"start":{"line":1,"column":0},"end":{"line":1,"column":31}},"1":{"start":{"line":3,"column":16},"end":{"line":3,"column":47}},"2":{"start":{"line":7,"column":29},"end":{"line":9,"column":1}},"3":{"start":{"line":8,"column":2},"end":{"line":8,"column":57}},"4":{"start":{"line":7,"column":13},"end":{"line":7,"column":29}},"5":{"start":{"line":12,"column":27},"end":{"line":18,"column":1}},"6":{"start":{"line":13,"column":2},"end":{"line":17,"column":null}},"7":{"start":{"line":14,"column":4},"end":{"line":14,"column":38}},"8":{"start":{"line":16,"column":4},"end":{"line":16,"column":16}},"9":{"start":{"line":12,"column":13},"end":{"line":12,"column":27}}},"fnMap":{"0":{"name":"(anonymous_1)","decl":{"start":{"line":7,"column":29},"end":{"line":7,"column":30}},"loc":{"start":{"line":7,"column":46},"end":{"line":9,"column":1}}},"1":{"name":"(anonymous_2)","decl":{"start":{"line":12,"column":27},"end":{"line":12,"column":28}},"loc":{"start":{"line":12,"column":45},"end":{"line":18,"column":1}}}},"branchMap":{"0":{"loc":{"start":{"line":3,"column":16},"end":{"line":3,"column":47}},"type":"binary-expr","locations":[{"start":{"line":3,"column":16},"end":{"line":3,"column":35}},{"start":{"line":3,"column":39},"end":{"line":3,"column":47}}]}},"s":{"0":1,"1":1,"2":1,"3":1,"4":1,"5":1,"6":0,"7":0,"8":0,"9":1},"f":{"0":1,"1":0},"b":{"0":[1,1]}}
,"/Users/jackzhu/Desktop/codetest-sapia-be/src/utils/responseData.ts": {"path":"/Users/jackzhu/Desktop/codetest-sapia-be/src/utils/responseData.ts","statementMap":{"0":{"start":{"line":8,"column":31},"end":{"line":22,"column":1}},"1":{"start":{"line":10,"column":2},"end":{"line":16,"column":null}},"2":{"start":{"line":11,"column":4},"end":{"line":15,"column":6}},"3":{"start":{"line":17,"column":2},"end":{"line":21,"column":4}},"4":{"start":{"line":8,"column":13},"end":{"line":8,"column":31}}},"fnMap":{"0":{"name":"(anonymous_0)","decl":{"start":{"line":8,"column":31},"end":{"line":8,"column":32}},"loc":{"start":{"line":8,"column":76},"end":{"line":22,"column":1}}}},"branchMap":{"0":{"loc":{"start":{"line":10,"column":2},"end":{"line":16,"column":null}},"type":"if","locations":[{"start":{"line":10,"column":2},"end":{"line":16,"column":null}}]}},"s":{"0":1,"1":3,"2":2,"3":1,"4":1},"f":{"0":3},"b":{"0":[2]}}
}
