TN:
SF:src/app.ts
FNF:0
FNH:0
DA:6,1
DA:7,1
DA:8,1
DA:10,1
DA:13,1
DA:17,1
DA:19,1
DA:22,1
DA:25,1
DA:27,1
LF:10
LH:10
BRF:0
BRH:0
end_of_record
TN:
SF:src/controllers/userLogin.ts
FN:17,(anonymous_7)
FN:17,(anonymous_8)
FNF:2
FNH:2
FNDA:10,(anonymous_7)
FNDA:10,(anonymous_8)
DA:8,2
DA:10,2
DA:11,2
DA:12,2
DA:13,2
DA:17,10
DA:18,10
DA:20,10
DA:23,10
DA:24,1
DA:29,9
DA:34,2
DA:47,7
DA:52,7
DA:56,3
DA:57,3
DA:61,7
DA:63,5
DA:65,5
DA:66,5
DA:69,5
DA:70,2
DA:74,3
DA:78,2
DA:79,2
DA:80,2
LF:26
LH:26
BRDA:23,0,0,1
BRDA:29,1,0,2
BRDA:30,2,0,9
BRDA:30,2,1,3
BRDA:30,2,2,2
BRDA:52,3,0,3
BRDA:53,4,0,7
BRDA:53,4,1,5
BRDA:53,4,2,1
BRDA:61,5,0,5
BRDA:69,6,0,2
BRF:11
BRH:11
end_of_record
TN:
SF:src/controllers/userRegister.ts
FN:16,(anonymous_7)
FN:16,(anonymous_8)
FNF:2
FNH:2
FNDA:2,(anonymous_7)
FNDA:2,(anonymous_8)
DA:8,2
DA:10,2
DA:11,2
DA:12,2
DA:16,2
DA:17,2
DA:19,2
DA:20,2
DA:21,1
DA:25,1
DA:26,1
DA:28,1
DA:31,1
DA:32,1
LF:14
LH:14
BRDA:20,0,0,1
BRF:1
BRH:1
end_of_record
TN:
SF:src/models/userAccounts.ts
FNF:0
FNH:0
DA:6,3
DA:8,3
DA:27,3
LF:3
LH:3
BRF:0
BRH:0
end_of_record
TN:
SF:src/routes/index.ts
FNF:0
FNH:0
DA:6,1
DA:7,1
DA:8,1
DA:10,1
DA:11,1
DA:12,1
DA:14,1
LF:7
LH:7
BRF:0
BRH:0
end_of_record
TN:
SF:src/routes/userLogin.ts
FNF:0
FNH:0
DA:6,1
DA:7,1
DA:9,1
DA:11,1
DA:13,1
LF:5
LH:5
BRF:0
BRH:0
end_of_record
TN:
SF:src/routes/userRegister.ts
FNF:0
FNH:0
DA:6,1
DA:7,1
DA:9,1
DA:11,1
DA:13,1
LF:5
LH:5
BRF:0
BRH:0
end_of_record
TN:
SF:src/utils/getTimeLapse.ts
FN:7,(anonymous_0)
FNF:1
FNH:1
FNDA:6,(anonymous_0)
DA:7,2
DA:11,6
LF:2
LH:2
BRF:0
BRH:0
end_of_record
TN:
SF:src/utils/jwt.ts
FN:7,(anonymous_1)
FNF:1
FNH:1
FNDA:1,(anonymous_1)
DA:1,2
DA:3,2
DA:7,2
DA:8,1
LF:4
LH:4
BRDA:3,0,0,2
BRDA:3,0,1,2
BRF:2
BRH:2
end_of_record
TN:
SF:src/utils/responseData.ts
FN:8,(anonymous_0)
FNF:1
FNH:1
FNDA:12,(anonymous_0)
DA:8,3
DA:10,12
DA:11,9
DA:17,3
LF:4
LH:4
BRDA:10,0,0,9
BRF:1
BRH:1
end_of_record
