TN:
SF:src/controllers/userLogin.ts
FN:17,(anonymous_7)
FN:17,(anonymous_8)
FNF:2
FNH:2
FNDA:5,(anonymous_7)
FNDA:5,(anonymous_8)
DA:8,1
DA:10,1
DA:11,1
DA:12,1
DA:13,1
DA:17,5
DA:18,5
DA:19,5
DA:21,5
DA:24,5
DA:25,1
DA:30,4
DA:31,1
DA:32,1
DA:45,3
DA:48,3
DA:51,3
DA:52,2
DA:54,2
DA:58,2
DA:59,1
DA:60,1
DA:61,1
DA:62,1
DA:63,1
DA:67,1
DA:68,1
DA:71,1
DA:72,1
DA:73,1
DA:75,1
DA:76,1
LF:32
LH:32
BRDA:24,0,0,1
BRDA:30,1,0,1
BRDA:30,2,0,4
BRDA:30,2,1,1
BRDA:51,3,0,2
BRDA:58,4,0,1
BRF:6
BRH:6
end_of_record
TN:
SF:src/models/userAccounts.ts
FNF:0
FNH:0
DA:6,1
DA:9,1
DA:28,1
LF:3
LH:3
BRF:0
BRH:0
end_of_record
TN:
SF:src/utils/getTimeLapse.ts
FN:7,(anonymous_0)
FNF:1
FNH:1
FNDA:2,(anonymous_0)
DA:7,1
DA:11,2
LF:2
LH:2
BRF:0
BRH:0
end_of_record
TN:
SF:src/utils/responseData.ts
FN:8,(anonymous_0)
FNF:1
FNH:1
FNDA:5,(anonymous_0)
DA:8,1
DA:10,5
DA:11,4
DA:17,1
LF:4
LH:4
BRDA:10,0,0,4
BRF:1
BRH:1
end_of_record
